<?xml version="1.0" encoding="UTF-8"?>
<coverage generated="1726548365197" clover="3.2.0">
  <project timestamp="1726548365198" name="All files">
    <metrics statements="45" coveredstatements="37" conditionals="6" coveredconditionals="6" methods="11" coveredmethods="4" elements="62" coveredelements="47" complexity="0" loc="45" ncloc="45" packages="2" files="2" classes="2"/>
    <package name="repository">
      <metrics statements="24" coveredstatements="16" conditionals="1" coveredconditionals="1" methods="5" coveredmethods="1"/>
      <file name="mockCatalogRepo.ts" path="C:\Users\sarad\Desktop\master\FULLSTACK\MICRO-SERVICE-PROJECTS\elastiSearch\catalog_service\src\repository\mockCatalogRepo.ts">
        <metrics statements="24" coveredstatements="16" conditionals="1" coveredconditionals="1" methods="5" coveredmethods="1"/>
        <line num="1" count="1" type="stmt"/>
        <line num="2" count="1" type="stmt"/>
        <line num="3" count="1" type="stmt"/>
        <line num="4" count="1" type="stmt"/>
        <line num="5" count="1" type="cond" truecount="1" falsecount="0"/>
        <line num="6" count="1" type="stmt"/>
        <line num="7" count="1" type="stmt"/>
        <line num="8" count="1" type="stmt"/>
        <line num="9" count="1" type="stmt"/>
        <line num="10" count="1" type="stmt"/>
        <line num="11" count="1" type="stmt"/>
        <line num="12" count="1" type="stmt"/>
        <line num="13" count="0" type="stmt"/>
        <line num="14" count="0" type="stmt"/>
        <line num="15" count="1" type="stmt"/>
        <line num="16" count="0" type="stmt"/>
        <line num="17" count="0" type="stmt"/>
        <line num="18" count="1" type="stmt"/>
        <line num="19" count="0" type="stmt"/>
        <line num="20" count="0" type="stmt"/>
        <line num="21" count="1" type="stmt"/>
        <line num="22" count="0" type="stmt"/>
        <line num="23" count="0" type="stmt"/>
        <line num="24" count="1" type="stmt"/>
      </file>
    </package>
    <package name="service">
      <metrics statements="21" coveredstatements="21" conditionals="5" coveredconditionals="5" methods="6" coveredmethods="3"/>
      <file name="catalogService.ts" path="C:\Users\sarad\Desktop\master\FULLSTACK\MICRO-SERVICE-PROJECTS\elastiSearch\catalog_service\src\service\catalogService.ts">
        <metrics statements="21" coveredstatements="21" conditionals="5" coveredconditionals="5" methods="6" coveredmethods="3"/>
        <line num="1" count="1" type="stmt"/>
        <line num="2" count="1" type="stmt"/>
        <line num="3" count="1" type="stmt"/>
        <line num="4" count="1" type="stmt"/>
        <line num="5" count="1" type="stmt"/>
        <line num="6" count="1" type="cond" truecount="1" falsecount="0"/>
        <line num="7" count="4" type="stmt"/>
        <line num="8" count="4" type="stmt"/>
        <line num="9" count="1" type="stmt"/>
        <line num="10" count="1" type="cond" truecount="1" falsecount="0"/>
        <line num="11" count="3" type="stmt"/>
        <line num="12" count="3" type="cond" truecount="2" falsecount="0"/>
        <line num="13" count="1" type="stmt"/>
        <line num="14" count="1" type="stmt"/>
        <line num="15" count="1" type="stmt"/>
        <line num="16" count="1" type="stmt"/>
        <line num="17" count="1" type="cond" truecount="1" falsecount="0"/>
        <line num="18" count="1" type="stmt"/>
        <line num="19" count="1" type="stmt"/>
        <line num="20" count="1" type="stmt"/>
        <line num="21" count="1" type="stmt"/>
      </file>
    </package>
  </project>
</coverage>
